\BOOKMARK [0][-]{dummy.4}{\376\377\000A\000b\000s\000t\000r\000a\000c\000t}{}% 1
\BOOKMARK [0][-]{dummy.5}{\376\377\000R\000e\000s\000u\000m\000o}{}% 2
\BOOKMARK [0][-]{dummy.6}{\376\377\000A\000c\000k\000n\000o\000w\000l\000e\000d\000g\000e\000m\000e\000n\000t\000s}{}% 3
\BOOKMARK [0][-]{dummy.7}{\376\377\000C\000o\000n\000t\000e\000n\000t\000s}{}% 4
\BOOKMARK [0][-]{dummy.9}{\376\377\000L\000i\000s\000t\000\040\000o\000f\000\040\000F\000i\000g\000u\000r\000e\000s}{}% 5
\BOOKMARK [0][-]{dummy.11}{\376\377\000L\000i\000s\000t\000\040\000o\000f\000\040\000T\000a\000b\000l\000e\000s}{}% 6
\BOOKMARK [0][-]{dummy.13}{\376\377\000A\000b\000b\000r\000e\000v\000i\000a\000t\000i\000o\000n\000s}{}% 7
\BOOKMARK [0][-]{dummy.16}{\376\377\000P\000h\000y\000s\000i\000c\000a\000l\000\040\000C\000o\000n\000s\000t\000a\000n\000t\000s}{}% 8
\BOOKMARK [0][-]{dummy.19}{\376\377\000S\000y\000m\000b\000o\000l\000s}{}% 9
\BOOKMARK [0][-]{chapter.22}{\376\377\0001\000\040\000I\000n\000t\000r\000o\000d\000u\000c\000t\000i\000o\000n}{}% 10
\BOOKMARK [1][-]{section.23}{\376\377\0001\000.\0001\000\040\000M\000o\000t\000i\000v\000a\000t\000i\000o\000n}{chapter.22}% 11
\BOOKMARK [2][-]{subsection.24}{\376\377\0001\000.\0001\000.\0001\000\040\000N\000e\000e\000d}{section.23}% 12
\BOOKMARK [2][-]{subsection.25}{\376\377\0001\000.\0001\000.\0002\000\040\000A\000p\000p\000r\000o\000a\000c\000h}{section.23}% 13
\BOOKMARK [1][-]{section.26}{\376\377\0001\000.\0002\000\040\000C\000o\000n\000t\000r\000i\000b\000u\000t\000i\000o\000n}{chapter.22}% 14
\BOOKMARK [1][-]{section.27}{\376\377\0001\000.\0003\000\040\000G\000o\000a\000l\000s}{chapter.22}% 15
\BOOKMARK [1][-]{section.28}{\376\377\0001\000.\0004\000\040\000T\000h\000e\000s\000i\000s\000\040\000O\000u\000t\000l\000i\000n\000e}{chapter.22}% 16
\BOOKMARK [0][-]{chapter.29}{\376\377\0002\000\040\000P\000r\000o\000j\000e\000c\000t\000\040\000M\000a\000n\000a\000g\000e\000m\000e\000n\000t}{}% 17
\BOOKMARK [1][-]{section.30}{\376\377\0002\000.\0001\000\040\000C\000o\000n\000t\000e\000x\000t}{chapter.29}% 18
\BOOKMARK [1][-]{section.32}{\376\377\0002\000.\0002\000\040\000E\000x\000a\000t\000r\000o\000n\000i\000c\000\040\000I\000n\000n\000o\000v\000a\000t\000i\000o\000n\000\040\000I\000n\000s\000i\000g\000h\000t}{chapter.29}% 19
\BOOKMARK [1][-]{section.33}{\376\377\0002\000.\0003\000\040\000E\000l\000e\000c\000t\000r\000o\000n\000i\000c\000s\000\040\000a\000n\000d\000\040\000I\000n\000s\000t\000r\000u\000m\000e\000n\000t\000a\000t\000i\000o\000n\000\040\000G\000r\000o\000u\000p\000\040\000\050\000G\000E\000I\000\051}{chapter.29}% 20
\BOOKMARK [1][-]{section.34}{\376\377\0002\000.\0004\000\040\000S\000c\000h\000e\000d\000u\000l\000e}{chapter.29}% 21
\BOOKMARK [0][-]{chapter.36}{\376\377\0003\000\040\000B\000l\000o\000o\000d\000\040\000P\000r\000e\000s\000s\000u\000r\000e\000\040\000M\000e\000a\000s\000u\000r\000m\000e\000n\000t}{}% 22
\BOOKMARK [1][-]{section.37}{\376\377\0003\000.\0001\000\040\000P\000h\000y\000s\000i\000o\000l\000o\000g\000i\000c\000a\000l\000\040\000P\000r\000o\000c\000e\000s\000s}{chapter.36}% 23
\BOOKMARK [1][-]{section.38}{\376\377\0003\000.\0002\000\040\000S\000i\000g\000n\000a\000l\000\040\000C\000h\000a\000r\000a\000c\000t\000e\000r\000i\000s\000t\000i\000c\000s}{chapter.36}% 24
\BOOKMARK [1][-]{section.39}{\376\377\0003\000.\0003\000\040\000C\000o\000m\000p\000o\000n\000e\000n\000t\000s}{chapter.36}% 25
\BOOKMARK [1][-]{section.40}{\376\377\0003\000.\0004\000\040\000S\000t\000a\000t\000e\000\040\000o\000f\000\040\000t\000h\000e\000\040\000A\000r\000t}{chapter.36}% 26
\BOOKMARK [2][-]{subsection.41}{\376\377\0003\000.\0004\000.\0001\000\040\000L\000i\000t\000t\000e\000r\000a\000t\000u\000r\000e}{section.40}% 27
\BOOKMARK [2][-]{subsection.42}{\376\377\0003\000.\0004\000.\0002\000\040\000S\000o\000l\000u\000t\000i\000o\000n\000s}{section.40}% 28
\BOOKMARK [3][-]{subsubsection.43}{\376\377\0003\000.\0004\000.\0002\000.\0001\000\040\000O\000n\000e\000\040\000C\000a\000r\000e\000\040\000S\000e\000n\000s\000i\000n\000g}{subsection.42}% 29
\BOOKMARK [3][-]{subsubsection.44}{\376\377\0003\000.\0004\000.\0002\000.\0002\000\040\000i\000H\000e\000a\000l\000t\000h}{subsection.42}% 30
\BOOKMARK [3][-]{subsubsection.45}{\376\377\0003\000.\0004\000.\0002\000.\0003\000\040\000O\000m\000r\000o\000n}{subsection.42}% 31
\BOOKMARK [3][-]{subsubsection.46}{\376\377\0003\000.\0004\000.\0002\000.\0004\000\040\000P\000l\000u\000x\000\040\000B\000i\000o\000S\000i\000g\000n\000a\000l\000s}{subsection.42}% 32
\BOOKMARK [3][-]{subsubsection.47}{\376\377\0003\000.\0004\000.\0002\000.\0005\000\040\000S\000o\000f\000t\000w\000a\000r\000e}{subsection.42}% 33
\BOOKMARK [1][-]{section.48}{\376\377\0003\000.\0005\000\040\000O\000v\000e\000r\000v\000i\000e\000w}{chapter.36}% 34
\BOOKMARK [0][-]{chapter.49}{\376\377\0004\000\040\000A\000c\000q\000u\000i\000s\000i\000t\000i\000o\000n\000\040\000S\000y\000s\000t\000e\000m}{}% 35
\BOOKMARK [1][-]{section.50}{\376\377\0004\000.\0001\000\040\000Y\000O\000L\000O}{chapter.49}% 36
\BOOKMARK [1][-]{section.51}{\376\377\0004\000.\0002\000\040\000Y\000O\000L\000O}{chapter.49}% 37
\BOOKMARK [0][-]{chapter.52}{\376\377\0005\000\040\000H\000a\000r\000d\000w\000a\000r\000e}{}% 38
\BOOKMARK [1][-]{section.53}{\376\377\0005\000.\0001\000\040\000Y\000O\000L\000O}{chapter.52}% 39
\BOOKMARK [1][-]{section.54}{\376\377\0005\000.\0002\000\040\000Y\000O\000L\000O}{chapter.52}% 40
\BOOKMARK [0][-]{chapter.55}{\376\377\0006\000\040\000F\000i\000r\000m\000w\000a\000r\000e}{}% 41
\BOOKMARK [1][-]{section.56}{\376\377\0006\000.\0001\000\040\000Y\000O\000L\000O}{chapter.55}% 42
\BOOKMARK [1][-]{section.57}{\376\377\0006\000.\0002\000\040\000Y\000O\000L\000O}{chapter.55}% 43
\BOOKMARK [0][-]{chapter.58}{\376\377\0007\000\040\000S\000y\000s\000t\000e\000m\000\040\000T\000e\000s\000t\000s}{}% 44
\BOOKMARK [1][-]{section.59}{\376\377\0007\000.\0001\000\040\000Y\000O\000L\000O}{chapter.58}% 45
\BOOKMARK [1][-]{section.60}{\376\377\0007\000.\0002\000\040\000Y\000O\000L\000O}{chapter.58}% 46
\BOOKMARK [0][-]{chapter.61}{\376\377\0008\000\040\000D\000a\000t\000a\000\040\000S\000t\000o\000r\000a\000g\000e}{}% 47
\BOOKMARK [1][-]{section.62}{\376\377\0008\000.\0001\000\040\000Y\000O\000L\000O}{chapter.61}% 48
\BOOKMARK [1][-]{section.63}{\376\377\0008\000.\0002\000\040\000Y\000O\000L\000O}{chapter.61}% 49
\BOOKMARK [0][-]{chapter.64}{\376\377\0009\000\040\000C\000o\000n\000c\000l\000u\000s\000i\000o\000n}{}% 50
\BOOKMARK [1][-]{section.65}{\376\377\0009\000.\0001\000\040\000F\000i\000n\000a\000l\000\040\000R\000e\000s\000u\000l\000t}{chapter.64}% 51
\BOOKMARK [1][-]{section.66}{\376\377\0009\000.\0002\000\040\000F\000u\000t\000u\000r\000e\000\040\000W\000o\000r\000k}{chapter.64}% 52
\BOOKMARK [0][-]{appendix.67}{\376\377\000A\000\040\000A\000p\000p\000e\000n\000d\000i\000x\000\040\000T\000i\000t\000l\000e\000\040\000H\000e\000r\000e}{}% 53
\BOOKMARK [0][-]{dummy.68}{\376\377\000B\000i\000b\000l\000i\000o\000g\000r\000a\000p\000h\000y}{}% 54
